<?xml version="1.0" encoding="UTF-8"?>
<testng-results ignored="2" total="5" passed="3" failed="0" skipped="0">
  <reporter-output>
  </reporter-output>
  <suite started-at="2022-08-17T14:00:31 IST" name="Essen" finished-at="2022-08-17T14:01:34 IST" duration-ms="63617">
    <groups>
    </groups>
    <test started-at="2022-08-17T14:00:31 IST" name="eCares" finished-at="2022-08-17T14:01:34 IST" duration-ms="63617">
      <class name="com.essen.testCases.TC_PowerBIChecker">
        <test-method is-config="true" signature="setup(java.lang.String)[pri:0, instance:com.essen.testCases.TC_PowerBIChecker@783a467b]" started-at="2022-08-17T14:00:31 IST" name="setup" finished-at="2022-08-17T14:00:37 IST" duration-ms="6438" status="PASS">
          <params>
            <param index="0">
              <value>
                <![CDATA[chrome]]>
              </value>
            </param>
          </params>
          <reporter-output>
          </reporter-output>
        </test-method> <!-- setup -->
        <test-method signature="ProviderPanelDashboard()[pri:1, instance:com.essen.testCases.TC_PowerBIChecker@783a467b]" started-at="2022-08-17T14:00:37 IST" name="ProviderPanelDashboard" description="To validate the scenario of Provider Panel Dashboard" finished-at="2022-08-17T14:01:17 IST" duration-ms="39201" status="PASS">
          <reporter-output>
          </reporter-output>
        </test-method> <!-- ProviderPanelDashboard -->
        <test-method signature="FacilityPanelDashboard()[pri:2, instance:com.essen.testCases.TC_PowerBIChecker@783a467b]" started-at="2022-08-17T14:01:17 IST" name="FacilityPanelDashboard" description="To validate the scenario of Facility Panel Dashboard" finished-at="2022-08-17T14:01:28 IST" duration-ms="11274" status="PASS">
          <reporter-output>
          </reporter-output>
        </test-method> <!-- FacilityPanelDashboard -->
        <test-method signature="PostAcuteCareDashboard()[pri:3, instance:com.essen.testCases.TC_PowerBIChecker@783a467b]" started-at="2022-08-17T14:01:28 IST" name="PostAcuteCareDashboard" description="To validate the scenario of Post Acute Care Dashboard" finished-at="2022-08-17T14:01:34 IST" duration-ms="6144" status="PASS">
          <reporter-output>
          </reporter-output>
        </test-method> <!-- PostAcuteCareDashboard -->
        <test-method is-config="true" signature="teardown()[pri:0, instance:com.essen.testCases.TC_PowerBIChecker@783a467b]" started-at="2022-08-17T14:01:34 IST" name="teardown" finished-at="2022-08-17T14:01:34 IST" duration-ms="346" status="PASS">
          <reporter-output>
          </reporter-output>
        </test-method> <!-- teardown -->
      </class> <!-- com.essen.testCases.TC_PowerBIChecker -->
    </test> <!-- eCares -->
  </suite> <!-- Essen -->
</testng-results>
