<?xml version="1.0" encoding="UTF-8"?>
<testng-results ignored="2" total="5" passed="3" failed="0" skipped="0">
  <reporter-output>
  </reporter-output>
  <suite started-at="2022-08-25T13:30:00 IST" name="Essen" finished-at="2022-08-25T13:30:28 IST" duration-ms="28041">
    <groups>
    </groups>
    <test started-at="2022-08-25T13:30:00 IST" name="eCares" finished-at="2022-08-25T13:30:28 IST" duration-ms="28041">
      <class name="com.essen.testCases.TC_PowerBIChecker">
        <test-method is-config="true" signature="setup(java.lang.String)[pri:0, instance:com.essen.testCases.TC_PowerBIChecker@7db12bb6]" started-at="2022-08-25T13:30:00 IST" name="setup" finished-at="2022-08-25T13:30:06 IST" duration-ms="5929" status="PASS">
          <params>
            <param index="0">
              <value>
                <![CDATA[chrome]]>
              </value>
            </param>
          </params>
          <reporter-output>
          </reporter-output>
        </test-method> <!-- setup -->
        <test-method signature="ProviderPanelDashboard()[pri:1, instance:com.essen.testCases.TC_PowerBIChecker@7db12bb6]" started-at="2022-08-25T13:30:06 IST" name="ProviderPanelDashboard" description="To validate the scenario of Provider Panel Dashboard" finished-at="2022-08-25T13:30:16 IST" duration-ms="9762" status="PASS">
          <reporter-output>
          </reporter-output>
        </test-method> <!-- ProviderPanelDashboard -->
        <test-method signature="FacilityPanelDashboard()[pri:2, instance:com.essen.testCases.TC_PowerBIChecker@7db12bb6]" started-at="2022-08-25T13:30:16 IST" name="FacilityPanelDashboard" description="To validate the scenario of Facility Panel Dashboard" finished-at="2022-08-25T13:30:24 IST" duration-ms="8456" status="PASS">
          <reporter-output>
          </reporter-output>
        </test-method> <!-- FacilityPanelDashboard -->
        <test-method signature="PostAcuteCareDashboard()[pri:3, instance:com.essen.testCases.TC_PowerBIChecker@7db12bb6]" started-at="2022-08-25T13:30:24 IST" name="PostAcuteCareDashboard" description="To validate the scenario of Post Acute Care Dashboard" finished-at="2022-08-25T13:30:28 IST" duration-ms="3497" status="PASS">
          <reporter-output>
          </reporter-output>
        </test-method> <!-- PostAcuteCareDashboard -->
        <test-method is-config="true" signature="teardown()[pri:0, instance:com.essen.testCases.TC_PowerBIChecker@7db12bb6]" started-at="2022-08-25T13:30:28 IST" name="teardown" finished-at="2022-08-25T13:30:28 IST" duration-ms="204" status="PASS">
          <reporter-output>
          </reporter-output>
        </test-method> <!-- teardown -->
      </class> <!-- com.essen.testCases.TC_PowerBIChecker -->
    </test> <!-- eCares -->
  </suite> <!-- Essen -->
</testng-results>
