<?xml version="1.0" encoding="UTF-8"?>
<!-- Generated by org.testng.reporters.JUnitXMLReporter -->
<testsuite ignored="2" hostname="LT246" failures="0" tests="3" name="eCares" time="63.617" errors="0" timestamp="2022-08-17T14:01:34 IST">
  <testcase classname="com.essen.testCases.TC_PowerBIChecker" name="ProviderPanelDashboard" time="39.201"/>
  <testcase classname="com.essen.testCases.TC_PowerBIChecker" name="FacilityPanelDashboard" time="11.274"/>
  <testcase classname="com.essen.testCases.TC_PowerBIChecker" name="PostAcuteCareDashboard" time="6.144"/>
  <testcase classname="com.essen.testCases.TC_LoginTest_001" name="logintest1" time="0.0">
    <ignored/>
  </testcase> <!-- logintest1 -->
  <testcase classname="com.essen.testCases.TC_PowerBIChecker" name="CCMDashboard" time="0.0">
    <ignored/>
  </testcase> <!-- CCMDashboard -->
</testsuite> <!-- eCares -->
