<?xml version="1.0" encoding="UTF-8"?>
<!-- Generated by org.testng.reporters.JUnitXMLReporter -->
<testsuite ignored="2" hostname="LT246" failures="0" tests="3" name="eCares" time="28.041" errors="0" timestamp="2022-08-25T13:30:28 IST">
  <testcase classname="com.essen.testCases.TC_PowerBIChecker" name="ProviderPanelDashboard" time="9.762"/>
  <testcase classname="com.essen.testCases.TC_PowerBIChecker" name="FacilityPanelDashboard" time="8.456"/>
  <testcase classname="com.essen.testCases.TC_PowerBIChecker" name="PostAcuteCareDashboard" time="3.497"/>
  <testcase classname="com.essen.testCases.TC_LoginTest_001" name="logintest1" time="0.0">
    <ignored/>
  </testcase> <!-- logintest1 -->
  <testcase classname="com.essen.testCases.TC_PowerBIChecker" name="CCMDashboard" time="0.0">
    <ignored/>
  </testcase> <!-- CCMDashboard -->
</testsuite> <!-- eCares -->
